<?xml version="1.0" encoding="UTF-8"?>
<testsuite name="tests.parser.ParserTest" tests="1" skipped="0" failures="0" errors="0" timestamp="2021-12-04T01:47:50" hostname="mssalkhalifah" time="0.014">
  <properties/>
  <testcase name="parseTest()" classname="tests.parser.ParserTest" time="0.014"/>
  <system-out><![CDATA[Source Program:
program:
	x:float = 5.78;
end
Token:{Type: STARTINPUT, Value:program, Line: 0, Column: 0}
Token:{Type: COLON, Value::, Line: 0, Column: 7}
Token:{Type: ID, Value:x, Line: 1, Column: 1}
Token:{Type: COLON, Value::, Line: 1, Column: 2}
Token:{Type: FLOAT, Value:float, Line: 1, Column: 3}
Token:{Type: ASSIGN, Value:=, Line: 1, Column: 9}
Token:{Type: NUM_CONST, Value:5.78, Line: 1, Column: 11}
Token:{Type: SEMICOL, Value:;, Line: 1, Column: 15}
Token:{Type: ENDINPUT, Value:end, Line: 2, Column: 0}


<=== Scope{Root} ===>
x="Symbol{1, FLOAT, 5.78}"

Token:{Type: STARTINPUT, Value:program, Line: 0, Column: 0}
Token:{Type: COLON, Value::, Line: 0, Column: 7}
Token:{Type: ID, Value:x, Line: 1, Column: 1}
Token:{Type: COLON, Value::, Line: 1, Column: 2}
Token:{Type: FLOAT, Value:float, Line: 1, Column: 3}
Token:{Type: ASSIGN, Value:=, Line: 1, Column: 9}
Token:{Type: NUM_CONST, Value:5.78, Line: 1, Column: 11}
Token:{Type: SEMICOL, Value:;, Line: 1, Column: 15}
Token:{Type: ENDINPUT, Value:end, Line: 2, Column: 0}

]]></system-out>
  <system-err><![CDATA[]]></system-err>
</testsuite>
