<?xml version="1.0" encoding="UTF-8"?>
<testsuite name="compiler.lexer.fsm.recognizers.RecognizerTest" tests="11" skipped="0" failures="0" errors="0" timestamp="2021-10-25T17:15:58" hostname="pop-os" time="0.041">
  <properties/>
  <testcase name="[1] pri!ce" classname="compiler.lexer.fsm.recognizers.RecognizerTest" time="0.023"/>
  <testcase name="[2] /hello" classname="compiler.lexer.fsm.recognizers.RecognizerTest" time="0.0"/>
  <testcase name="[3] &amp;" classname="compiler.lexer.fsm.recognizers.RecognizerTest" time="0.001"/>
  <testcase name="[1] price, price" classname="compiler.lexer.fsm.recognizers.RecognizerTest" time="0.001"/>
  <testcase name="[2] PrIcE, PrIcE" classname="compiler.lexer.fsm.recognizers.RecognizerTest" time="0.0"/>
  <testcase name="[3] hello911, hello911" classname="compiler.lexer.fsm.recognizers.RecognizerTest" time="0.0"/>
  <testcase name="[4] hes8080there, hes8080there" classname="compiler.lexer.fsm.recognizers.RecognizerTest" time="0.001"/>
  <testcase name="[1] 50, 50" classname="compiler.lexer.fsm.recognizers.RecognizerTest" time="0.001"/>
  <testcase name="[2] 95.2, 95.2" classname="compiler.lexer.fsm.recognizers.RecognizerTest" time="0.001"/>
  <testcase name="[3] 9523902.2123123, 9523902.2123123" classname="compiler.lexer.fsm.recognizers.RecognizerTest" time="0.0"/>
  <testcase name="[4] 0902, 0902" classname="compiler.lexer.fsm.recognizers.RecognizerTest" time="0.0"/>
  <system-out><![CDATA[]]></system-out>
  <system-err><![CDATA[]]></system-err>
</testsuite>
